-1184272098
631897329
-1041527118
1164077051
-68999148
-898643237
1673848472
1201734561
1836075496
-562587381
-42649309
-2083267688
-1549542369
-2137257852
266263028
-1384462005
-206238418
-1729027236
248085542
-1985049814
1901759918
605624744
1575499362
-1312951866
1291265761
1229500664
-872228468
793393324
-133764371
1917502765
-143534583
193334086
453410779
716156329
2058971240
-814504328
383284999
-879920751
134735790
1878392036
-172806773
-1361075409
1561026399
-2137118180
722125308
1298289991
226541562
1766351775
229324063
838060752
-1131733443
-291122345
336578409
718456047
-1019504621
-1832802188
261056029
536874558
-2119009460
713561321
-1443362546
-1955856401
-1354198092
977779056
2099040087
-549826777
2041121990
1309205699
719049758
1846102916
19809263
-645262115
210741173
478402695
-354352850
1392275957
921757920
2033681019
731426750
2008462900
1088219591
-1431920021
2137182596
1695790752
-1951494295
-1810254478
252365598
-506253511
-508921881
1291824602
-386395396
-2041507242
-220939030
2129984071
1977869963
-1633032058
-344923419
1524530810
1743975061
676905294
-1631038910
-845924569
-304928541
1728815917
979398183
2117031389
41223853
195509504
1858991353
-1264940406
-1974015503
-1481727001
-1595966772
293517988
-133224163
-1100299535
1345586025
-1612714563
314036869
248393773
-2108588000
32723560
933497508
-942177220
-1274468343
-1566705516
1572692890
-333389495
1486680703
771352305
1664118675
153994619
-1722651754
-2008728909
636463637
1124236958
-1593551360
208611858
2047881427
-278366942
260432779
317024281
1253837957
1659003705
748284351
6480792
-1321463109
1670519860
1623967559
-1806296330
192746592
388573980
-1015380045
-520342928
357326263
1696896937
29284199
1582972725
1727186595
2128979838
-1903839367
1439392923
-631532756
402250554
-278901712
-661023789
801215371
-1771042908
1260671880
-1785760809
393744042
497429388
1161639550
561894358
-1175644116
-1653009467
2113039008
-333175818
-1359971293
1645663855
-952651407
1603847350
-1221215253
-1515518242
2084064641
1818225325
-1845769409
-1201285100
-686897116
1348303413
2000945441
-1838024864
-1815333143
1008250481
-2001685611
677639972
1676133438
208553844
2070747727
1228574324
793952154
-1016496091
1126884109
-1997549992
1827663980
-32533281
1644664599
1367511127
-1437462322
-759185102
-2131831004
2064672115
-2113502259
-1328961523
-1170411722
1192712634
-1641485444
676582238
-340386129
-1030027224
-188780492
-885945663
121165079
-1334117378
-315901941
1591287675
-2056365914
-1053837881
-1867344887
208181344
603933059
-72764387
1433518831
1111294915
-206346893
538417065
85787046
1609764820
-1134432431
17621108
1504523208
-1403459876
314997639
1785904754
393103865
2035779160
-1352535621
236731034
620439431
-1717370693
2136444457
1593423313
59138863
-124020727
-1056749926
729344954
-308730769
1228107010
462255856
961051846
-975825263
204594332
1724040235
-1695137471
-279972995
-193685150
-1028916236
-1451117197
-1163907125
-1244194540
-2108816139
1459119340
294500733
295474671
-1109991673
-1529151558
-432735239
-1902629825
-392549391
1762263322
-1300600197
-701353893
-1725678655
-1480007301
-642360842
116575328
1190628759
1783872064
-496429645
-1296682902
-1067454430
878374071
-900818333
-171166602
745868937
634322398
443044523
363138469
-1986192463
-1721121145
157625730
1000641191
1799911285
-1176621909
547415083
688321433
-1665158972
1102490908
-821454550
1604160157
871732974
822032977
493096315
-439727217
226319312
-2083215304
-116556842
54432004
796232008
2115358470
1666814398
-1120890504
64933892
1199875178
220368117
1410587702
-956594605
1071082375
123182298
-2079389884
-1821223440
-440472819
-1651893787
411345467
853747010
-789381130
799820913
489592441
-1980823030
1163164480
-1109619207
-2129173025
-786305569
1105517590
2046737429
1047233369
-758197842
-2061576137
1357060178
-1161071555
-428605486
538499744
-893093952
267051351
1229408079
-105273402
1188523116
-181680895
-652363499
-690069341
977375186
-708039347
1917599084
1993263257
1313235514
-1400441296
1575824740
1371895624
1237195550
1096911656
1678964778
167465615
1987975021
-1906687659
-1407559548
1817925502
1860458095
1146762849
1294405470
1453031824
865633303
168860025
-1709188389
723601766
-1622556931
1342845703
-1923542721
1551439035
1674290264
-2128086670
878621624
811063576
-695844546
1176830853
-214043600
558509488
-1525062869
771787073
1012536368
-572578451
1978160796
-1284014417
-871742875
636526748
297331271
-631242717
1680842709
1520452189
93266464
-1373317043
551258190
-158906901
-1225848362
-193375890
-152570058
1960363483
-385037324
-1455803010
-1017296490
-1551311836
-574662530
413691090
-1045785270
32678298
-542499319
-2112010685
1453861109
-1143392072
1612121213
1511880006
-778148603
351503860
1409837899
-2089752461
-1083895301
-492609558
1562861582
-1561601210
-417682869
-1279609537
-1553156367
1417360964
-133685154
1231354788
-2017269191
524245088
-122115729
-2145975143
-1001477197
1824929050
1298029111
872119855
1067558878
968783089
871302166
815265664
-2137034051
609431014
1508367714
-1818923203
1498205812
-1734537491
-621984576
1533931355
77182189
-343713949
-393443147
-464273727
-241027523
-1317429340
407623057
2075976657
-454257705
-1510313226
-1127365380
1200507781
-1002717203
-1853863203
-482005014
286758168
1969930963
-1591780108
200705171
-1248037635
-839327431
-628252323
1032120856
-501738241
-839304090
-2101810217
1450764777
-1072782656
-1042063892
-1469189969
-739602606
-1594785614
-728657754
866017955
-85478108
568767438
-1020853369
-1657911373
-194525845
-433324633
-1899439466
1612491220
-1379184094
-250625289
1794528280
-167334256
2067620127
1239092826
692816953
1519855143
348182726
-1782681996
-348869580
1410308808
132441833
-1667618050
-636453075
-196755584
-1443862851
1802759703
-955968829
-1268936012
-1468345452
-80748806
756644996
-593897010
1143861445
496504903
-1593651176
-1631386344
-198878597
2103048917
1061700252
1770427184
-1081621670
1354652253
-605104037
-1730432519
2066739369
690799683
522718846
-900618804
-510269010
1181252986
128545871
2020357618
421965065
269361204
-1165814293
-485208718
-1859658868
1872910230
783837937
-367650056
-627603638
1107471174
-499437186
-1793336154
1411454564
45349624
622023739
-698992110
735289704
683538468
970908608
242288964
1819705463
-1966919422
-487773915
1478488239
1730770736
401219729
1055515548
-2133357623
1093930819
161025260
-884071473
-589517626
2038430935
1698421795
-171055138
374107140
1136726445
-1194003063
244528883
766616787
-1731079397
309534537
-563124152
50222677
1982039922
2124229560
-578539110
1447232233
1340588370
-478684744
-1033612881
1980859962
-1654293077
-52983981
1083529550
732230224
-1826350058
1249431749
1938038685
-1026863149
-1944582542
1713844066
1482996648
-1092183576
1649748781
1300249203
992100158
1828581505
1053020641
-839090831
-1864741490
2032273379
1756433699
-763050235
368289451
-1782658230
1798007559
-1392520556
203317519
257091012
2097077029
930380915
997983326
450857690
-1030015602
-1282265340
57081915
771835220
1314280313
1148495843
75290441
2098981951
-1214802067
1454546447
1169144655
296438436
1724426204
-1018529802
-2010812624
-601804102
1457114180
6074336
668021608
-148515968
476059349
998904231
-1552259692
-420601675
265156751
-701644706
-10761005
1318875046
-2132901075
-1627119882
-1899891682
-1986122480
1504141984
1978281648
1000865425
2101094762
-561720463
1471575753
440791861
-1352966744
-1372258568
-1912531716
-979406823
52274839
1505001615
571738967
-771368431
-553990525
-1534068515
-2060925138
356506647
-1168592528
-1178505521
-642449645
-1045770200
-1219720878
-1332042448
936299843
-1859570164
-723486034
-1055565343
1122734135
1851593821
82841723
1210999116
-141442922
314213597
837609740
1393352451
1954002590
1657716156
-330473227
1552423437
-1563114969
-1831003874
2043341647
-479797784
14940580
358850822
-1894601126
-699589454
-1763177677
1662036916
455910279
674448894
-743142080
474106437
-1508242940
605021256
1466867982
260817320
1235454543
2117165460
-787362933
94966812
410716706
1592698742
-545952099
882145290
1119718924
-940899780
-1292286277
774516785
1005260240
-1570287702
-333322414
2078033710
-106686358
1539680171
-123704451
301490006
-1196183574
-980493057
-1495596490
1314338489
725373850
435725835
-411524375
2100716636
202156362
128873532
1266237088
1526710642
1875578596
-1549600176
242477835
-215701475
1137991410
992433766
-984490745
-1140978747
14798483
318704068
1202391745
1275712108
462967464
-1550071519
1088223846
-1265869309
821586451
-1364804403
1664075441
899028920
-1079260406
1317271835
670544436
-835973381
215855084
1040616388
543323141
-1067203441
-1098877652
720990932
-725007058
1270781807
-980727084
1412204321
-1124955868
447420050
273035750
-554935272
1075554679
1483552697
1239916848
-538774468
666324908
-1994192223
-171385277
1775779717
-1641829132
-137188868
1344306318
-1995893789
-1740232044
-265838288
2063437851
1417881351
2073254000
-1675219357
-838848359
1138576223
529527708
1657550182
1483297375
1140527347
711136779
256218612
-1278086676
-1444850097
1551675260
-1983715305
925942299
-1014720130
1877427434
-9665168
-7928506
112629538
-1585805104
1821116748
961836435
-1626446535
-615005497
244445149
-1758972022
1802016181
1177419697
-686951876
-1389182402
-921739611
-748276362
-1941203948
1671143911
-652941803
45076717
-1531477993
-622926280
-814080991
1547112238
1368400816
-134327547
806234036
-1859433519
1347106421
1738608745
1544431497
-12382738
94181014
901105422
-1730068370
1865688607
-1471700178
-1630665714
-521298806
1141981373
-1720784237
1688505166
1710888995
87921232
291294091
-88495947
-1110202546
-325605478
1777520243
1547421731
141418333
1572834036
-208295661
1719649575
-1245977659
512592775
1558240217
784737188
1868361904
1326233973
-1914128381
1331320500
1202172355
819411326
-1379304543
-951263567
-83632549
-1766925712
-809668103
-1690194327
-707286311
1643644453
-741427538
1455906672
307721635
16638889
1084476545
-691447519
-567655848
595998215
-345438058
1869252377
-1766210122
1153830209
792855083
-906741453
193943761
773976920
-24006302
-1354601867
1195758630
1430923069
2045343265
-1056304987
-1885152572
-289909486
1779028211
-741124937
1436100282
1010008813
475412064
-1088162349
628370719
1481038683
1960645469
962160960
188704287
-970387827
-678992934
632805664
308211808
1682754019
1095921972
-866534890
-1215881705
499668550
-1764690915
825652920
-1172026892
-226948485
2135306377
264957909
1273028814
-1158681119
1561825025
523439459
259412856
1520233801
-1341513329
484368168
-1863917800
-178636994
-1539583306
-952601525
1005895435
1371244542
-1186042966
680753655
1647332670
356331487
709243964
1050687915
1013176321
-560251737
-46915541
-1288149854
-1422247626
46445296
205992611
-1212851801
-101121478
1588704231
519045527
1819928848
-491046679
-1677497371
-253207978
-528867891
-286222383
-38623056
1570144577
-956537151
1920482151
109277853
-104099171
-1088617279
101968213
1285307812
667538164
1744516992
-360833302
-1475052752
226133843
766776237
1531387712
1806851670
410665497
1897734885
-1277782427
1366558587
-1807356706
-1080932590
1812440005
80423763
861918681
1443188052
2065503062
-433415539
520460421
-1526596136
551245149
-400850735
-252214919
-737845473
-2020585347
-251254219
28908410
-2041325224
1204859540
-2040016173
285401108
-1631864977
-683126274
-2093364287
-1489937944
522316649
52843752
972096706
1430231374
367672368
637617515
17502014
-200373787
-454915223
-1713893462
1756548098
1101694009
2073065620
1705229269
-832213646
204868177
-510442589
1308994159
-1705377461
-787611830
1272927500
118284021
208414020
279109961
-1984724843
1530909920
2047155675
749628998
-1766275704
-1762495372
-1997272378
1924585655
1787935243
-954960021
931735633
-52297010
121471007
16146645
-901393234
567237397
1351446033
-1398990140
803582988
-979514292
47661362
703775279
-882383054
1739236468
-1555219045
1846925594
-2065120884
1930459427
11820358
1557499408
742321956
1269525718
206512278
-12707316
-1710883993
1713768584
-1811786440
-2041519089
857672909
1822122317
-1694044528
984352692
-139282061
-454426249
-454794319
2081473051
-650058464
-714911302
-1609613160
1563624601
-1968169484
573993621
-1567227155
1269517693
1246280324
-1496976008
-1036350746
700383865
-989956101
1788404003
1455965157
182730359
869200589
787659481
-142311983
397347331
-773568457
517025434
-1182916163
-1204840212
-1125344989
1686988039
-910049575
1288427609
-459503222
-1527197642
-642439624
308891023
-1158791344
-694449151
-508767869
-10664965
291998828
-970224876
-595857457
-2057636534
1515217692
1412050412
455862999
-1052945529
-1172051025
1711033351
2090569898
-130983838
610420594
-2083659055
-1443166158
397094567
1935186709
-575234311
1133471659
248150859
675022199
1701322850
-29511348
1945617457
-687611242
238494872
-1274200209
-952313780
-145390169
-1803269807
91688572
936527533
-1153332276
-36262395
1870953775
127340146
-873650526
-125896875
2063326140
-1280004307
-859035937
1654654541
1994318864
1117211933
700686765
-661737831
-1085989953
154794472
484846754
-551859302
185259567
-1430876869
-132891319
898135488
1919157330
1407244614
-1459296835
618157643
554726584
-1147100421
1985367778
-1111782393
-939822030
854819260
-626195323
1643378872
-1087303650
1213626984
1817267627
-2032073257
-1599918858
-1738974299
2046292326
1540133126
-62885436
306719736
842892929
-490681731
940152517
853909964
1815200770
-1657917788
-1138390259
1629405749
-2024926881
389270781
620371476
356682210
-1684484908
1492185041
877161390
1777263669
1101581868
-741207626
-1896692007
860069030
1227215585
893789064
1730416064
1550568705
665165747
-702676286
571156446
1456363481
-1829630309
736725988
1189760704
-1930771531
-1375726874
-1152027998
594219997
-993332361
2095157549
2117574141
971189937
1545796785
684532828
-362137355
78907155
195392479
981184000
649127412
-1142216377
355069024
-833620029
138469275
1731148769
-747456057
-1538886612
677563058
-1191258046
-602839853
597540629
2109664825
-958807605
-1592275919
1396636781
-1008363573
-1523011270
-1919573460
244566302
-937178001
-758988034
678266666
1316373331
-689056317
91639878
-1709397445
-1213257209
-244600470
-1259837151
926119533
-1150170534
-1586329402
-777443841
261774951
1809301894
1434495485
2086066507
-1220570850
-187111353
-106027743
1122070424
1271454167
90496197
-315961439
1809012232
1403913977
619322323
-2131911972
-252908889
-1935110832
-1199986689
1722544809
-1719281887
-1532769475
1831555902
6891873
399544603
1088393572
-533487736
749016188
1744537618
1565946803
482924586
181382846
1074258818
-821216436
606123243
2070040745
1536328889
-747462745
-1315176303
1498114435
891764660
-2046630897
-808687474
138623652
316975470
877815
-1267057859
1070667558
-1695202032
-1048510137
987504060
823931775
-362516768
-527031433
-1315372401
1421458333
1991919907
817680195
-235909199
-1430342219
1016770491
154049310
704863225
572300078
-1404050691
-548122141
2087139702
2105808981
-1605148718
-846375723
-1038104605
-755318015
-583515627
248899987
966685804
-176922194
-643580530
905296860
447511768
1397181523
28697274
633671647
935244373
900731854
-1393030619
1973139694
-1003117797
910405471
908249621
1530412292
1832719968
-152137920
-1190219376
-611422677
462568946
-1539550250
-462615083
-1013154
959696207
941898870
334510484
1233230981
1375381448
1845096546
-408820059
-1596812143
1864251271
-1294391908
1225682096
198366580
-280401524
851452302
572759285
1420499178
-1667857360
1426564128
1168125680
1455363236
419726439
-933733082
1594235073
1589869757
1985842585
-2003370655
-373694125
1943997076
367450439
895152938
-807835706
-1047363248
359505103
797745179
1660281194
930092802
937334878
1363562417
-1146021600
672274525
530915442
2058971997
2848701
-1188619637
1236580972
989324197
-1919255780
-1973151740
1439162793
-585419532
693567376
-1533492002
-163051682
367134546
1047235813
795484370
-48735387
-1783443302
-1277440926
168467397
-1646345790
675931802
-473164402
-2136255789
-1116730665
-363175085
-137201156
818819489
-823428296
-1388719219
-1545919222
1771753410
491821581
-698194581
-1480662243
-538314015
1154142204
1879578525
-998459164
-565041042
-1660392386
-342325075
-1393603009
1798284668
586544182
1446500756
-187305371
856959193
-972193754
322602522
-713257771
-1731367075
-945841996
925541048
-1042787444
1152600404
-1847885552
-824825715
858934038
125572557
1490048900
2093432338
-1565235571
-944182709
-1373744211
482288383
-1070667039
-185563965
-696600826
-214583772
1868086103
2067758014
-1963366910
738223767
-1718143822
663811012
191433311
1653180754
-1120780226
1405430783
467228659
942946563
291355504
-2066694858
503518852
-1156750179
349498573
-271543210
-869930207
153107328
-918139185
1563739663
-479895911
1501737037
-1763759251
1774604748
-829544957
-1383022996
-1214883995
264109558
-1428082593
1519557785
-778647079
901747879
-1220479139
720333305
1339450055
1806819257
1120268581
-31405590
560211036
442552123
-114999851
1029153106
-812840274
2010623319
-830700388
1124746137
1465380253
723013284
1518176290
1371724218
923264102
-1986772012
1548242599
-1705265969
791461216
-1075408057
758566712
225683613
1385189611
-1173187242
-1834310959
-2133907190
199781817
2127049903
994522999
145798580
465357039
232710865
1482495223
1709944677
1539986339
26343372
1912968486
-38582457
1856734946
1139646958
1200027725
-1676130902
-1518849243
-1209945312
1824147739
-1039737826
-1891689712
-355065128
-433849921
-233454750
352093747
18795225
-1788479541
-1157359505
1741736234
2107211979
-2134210233
-620513827
-1597499742
1073910249
-1136527446
-779881273
136936055
1950805298
852456080
-1737477405
-1597199600
-1547417215
-1654911468
1651875375
-734964954
-1198811573
-1848932188
268205678
742204471
-330082502
-534341536
501947671
-1611693176
2138316347
-640954645
-1174281398
113068403
-2023908306
101802988
-347021337
1329984632
-222787891
-1962824544
-858908225
-1952519846
-1420365280
966808911
1406799029
-923494610
-2100844377
-1563970919
1150965187
-454930900
2105249605
-1449230359
-1774178236
-216793696
-261682042
-1381247411
-466232610
-725225479
1595906544
1981685833
1431289820
220966805
1994350106
-949202202
1785599158
-380457419
785780181
-327387197
-1361527344
609069333
468750070
2048024819
788290452
1767616039
2018299437
-1990169011
2087914193
14545555
1534833439
-1569645276
-1723898663
352965346
-394126000
-767028310
-1919866450
-1331512177
-1904334944
-1217951545
2014642154
-1087961628
1663137742
897748614
-1685977755
1717011874
-1863279753
-1493949746
-680729726
1028629491
-2079793640
1364980540
301697955
950268974
476784087
-1244091046
-1944351049
10217603
1262844821
340743616
740731745
-2030303541
1499749158
-1699135968
1537256790
548325687
-595891354
2118592870
1709767150
1379037236
-1411509888
474126255
1645574185
-1723716436
998351805
-1867803415
672787299
873501668
-1653400667
-1218517054
-2020445885
-1325756800
180840974
949897701
1767615787
1620328021
-745669313
1622183829
-1394576020
-1066851153
598378243
1778717969
-286443530
885166334
-1985331754
494857437
1239446261
-677253818
-902593245
-668793588
67696744
881837700
68197954
-2055432152
-1437129469
-959378619
871259160
-1111833118
1572989454
1811620975
902231353
496108204
785604448
-955941440
-737846314
-452628029
616346700
-2117056332
-701271136
-1945077534
1028033433
825766095
1258601082
1479560808
2120646943
1999340176
1894485836
-1965767752
-525205175
13368625
96988298
2108201085
-2026298975
-1415072212
1705017211
390143313
-1877920774
-1653195785
-2045733652
642073653
-2067719484
14917468
786138414
-1851236812
-98257443
176615741
1942286636
1425084284
-1325093191
-1027032229
786100937
-901315468
1824984160
-1819446512
-1287544118
885778471
-114938653
1279379827
1073653867
-804178340
-1157156709
-239832386
299699638
-423483996
1912071162
-1208622226
-439391275
-1024284585
346241668
-1081323225
297200170
18993667
1259188732
-1394931916
-320127434
-924504100
-1440432062
-1761577151
-1423187013
-614346592
1577555653
351500719
-1749286242
-2011603236
1529761309
701225320
-550423689
-1968325085
903011496
404185289
692847750
-1251970682
-170394239
-1662647387
475999401
1844184757
-578798399
2036988869
677696155
924244902
171604869
-507909561
682872089
1824217255
-1246040871
802360161
-1599724359
-1127564097
1396994837
1405327105
-867651277
1688578173
-468573324
-1542083626
922140729
-384804071
416541700
1752839767
1646344944
1117590505
1816197018
1640549110
1842263957
-2038355139
-191896354
-1187072675
1646237519
-1057573250
946715747
1824966266
-287545929
498876129
91755105
1329530912
-712634322
-1006347959
-1022005038
2070184444
2123617972
-1532175051
926576165
1060981824
407846510
-650233072
149131376
867041663
1018991650
1374517396
-773894747
74973405
-1029737844
82679920
1723844205
-2038933051
-1200435249
2040428817
977511461
-750866907
2079298087
2046112467
-1817050870
-2140779652
925124840
525848000
2001089898
-1282395593
-311873831
-458476476
-239133895
-336901626
-438128116
1304875586
-812454852
-177400550
-1891292313
-958905085
1848166947
-524825385
-530665845
-157692377
1583382409
647139166
2090191894
1996121791
754673265
582377680
1009844299
469591755
1391788879
-1395489057
265662312
234294602
-2095917630
94915026
640239384
538962393
-1116568778
-300180366
1149909391
160483985
-1850816002
962003823
-1068696327
1332252849
-295578524
-1919527917
1763140500
1225344018
623077156
-202097185
1214675980
-208996666
-205295010
-1331609478
210005713
90866410
1290592229
-432047058
-1358304923
1562361898
-1470089408
-1669853006
917281030
2082895511
1877126841
-2142362830
-1279596486
-77855721
1559353667
1036781996
-1560171969
1633629954
-354838164
1304297105
137265889
862307781
655655537
1813294513
-984980659
-1486119997
-701402012
-221444271
-1283695150
-2071728834
196746512
-487605527
420474630
2113444477
1286882119
309758266
372719045
-290029856
-1854085753
-852380419
943032795
-196669541
-776145791
-1663214696
488278830
-1751782068
-1118462891
634353687
263914677
-1132547323
-782521589
2017100162
-1053194802
-1959475391
-1392850853
694361971
49789191
-139206994
-1596267360
-1192277122
1788396998
1800283425
1408036583
-33656437
-553669245
-459804679
-837698501
-1741859906
1744716152
1628171681
-1326471763
771003634
-1371952613
1034787795
1801356774
-2021302862
-1423687540
-1048976197
-2124246894
1609648311
295480370
1447786345
1836711572
-182103637
1611344279
-335023746
-2147071216
-1153363140
1894202531
1575697820
1509581774
1820813073
1191087445
-239660403
-41909603
1909807746
1724939066
-1215900044
-933657378
1389081449
-392179575
-696498914
-940179495
-1456359943
-174140911
-314653650
1118828311
-1064205595
-460004590
2113851536
-334040181
1063716453
-1069803412
882829101
506683695
560324041
-1687601911
969880805
-2031501
-1806192297
-1028544541
-1543380548
562238770
1935627390
-744900629
-10152105
1024547666
837351508
-1131070644
442513371
709131575
1954483486
1647377654
637821405
-361630373
-1692050469
960200113
-1426429708
48131631
1577616775
1915025661
1131264994
1146721920
-134956456
908842312
1533869074
1886012604
1087752009
1400075188
-1939980909
-638235014
956234014
192046257
360771926
53672680
73291395
-1239514169
1005655921
630667926
-47740638
-26048948
2043776755
1397493671
-350205443
1808924691
-618354888
1054686308
-2109932909
-488889733
-482750979
-1876337493
-152650200
-1042267081
-717445263
2037724571
390875230
-1128915895
62581736
-958342429
-277978864
-1666760470
1191702420
335943019
134758687
-1752452710
-1059687130
-1699240171
1605839241
-258732359
1633105044
-748033258
1375342055
-246791517
1950648857
-1063205404
945452142
-1602748532
-852537766
-1950307602
-1686614754
-171944874
-576063219
-1475037946
-412097245
-1442650000
-343933038
628031787
2019491276
-2049526734
72399826
660376636
-1155002540
410280091
-958238705
-1192058438
80053208
-96421242
794646553
-537326686
-2131121921
1220278942
186008252
999734811
1436260460
-381599828
1761630609
-28237544
1807363472
-421996777
-377897697
2046630043
-1750347318
1263133167
-783987212
1557382239
-1527116190
385068560
1007164651
1331107259
1319391626
-1466560087
-356554051
-604340632
-683400737
570811714
1388186478
-1674577872
299575324
1882446348
-1216710530
-932617496
860897380
649019845
1757707447
-1641271920
592853141
1365274621
1148566295
-58631208
-580294606
-1791356582
1051501132
-1583945801
71307600
-1585307424
-1092360277
-902929097
1436527326
-604461426
-253369467
-607527153
-342774943
1780515144
980702864
-1708158224
1843182811
1138769433
-789795512
572134477
1410347084
-1218548872
1237700677
-1188223101
-211726672
-2010480515
1440365637
401652706
407786451
-285546834
-1714992701
-930258083
-1148987589
-1530155620
-294704972
-974253675
1833626210
1735538603
1861170
-482772438
655426695
-1687117224
-2144861609
-245339383
89618273
1109465734
-2026854737
1922456290
-1286093047
1536960144
190099674
231025354
-265044836
-384161735
-1466647689
2049690746
1885722123
-772687758
-1991445410
-1826455430
1201397152
250295131
70418623
-1919707720
1948769534
-1067060803
-592105146
1434318587
-672548397
1556212393
-694215512
-1516130593
-1856367412
17812629
-1800690170
564109478
-107897797
-1978511582
930039080
1830346092
1269067461
1256281818
108354668
1255433173
-1909275064
-738606812
-1083295498
-473022837
475705585
-599009139
1757692257
-1493907947
-1438688917
-1026232499
1088645040
844854896
-2983158
1721339283
1948405843
369540786
1628525334
-1037770746
2024265761
846336614
2019074441
376087905
1999452193
185469472
-1813596991
2030622494
-493708359
-2080331
2042507929
1621667524
964000703
14662494
-1285007611
1667851059
-1807041236
226523612
194236480
1147587944
-944456035
-444988942
259525012
1678297558
276460363
-80128183
-2042838916
-183132873
-410552215
2079967783
448619487
238477167
583421151
139135066
-2092232979
513996128
-1160417366
776400669
734507072
1570568653
-1800084191
-2122007419
-96042526
1260254520
1497947040
1362462301
-1965491423
-1241596274
-112498625
-1857339629
43531106
1269793207
-1304769844
-2052955877
-1326886232
45297389
711141190
1847346254
-594191029
-1862212972
-1306663492
1535252237
-1202310565
1408626285
2129092566
1859506258
999922038
-952550703
611097970
747963033
308985953
-353643217
1174010996
-1017575635
840300340
1533665500
-1807646998
-437016883
-1694343720
1822131033
-2080219086
-1914489816
-1501259560
408764813
1922305166
1612465412
496894549
-2004709422
968429005
203255931
-868647778
1666062266
-1787030789
2031507569
1255213433
1036183873
2050171134
1316734552
57548016
-727731041
452509809
-1422983686
668082152
-1927130152
920616447
-871656285
-1997950387
113015713
-734811003
168456085
1070765973
-192241587
-2075240163
-597994013
-207010420
-80302127
155603069
-32695945
1447546777
649395199
-1704974860
-1015156443
-204578270
-132748048
-226120559
-1027564238
-697721739
823104467
-1745834845
-898969320
1901706584
1307511903
1898643889
740551571
792454807
-2094409973
333454688
1896500979
-427322984
-197112426
1661924694
1973066009
1047067401
1944890049
444201975
663463156
-159710789
577888014
822226702
280254702
1068482282
-1446667541
-1363883399
-1391651783
69306799
1714618991
-317077287
-1560731287
-37412888
1568223457
-170650789
1695395071
-1908073515
1660103014
-1780180720
326971311
1796130208
185557523
-39448204
85519127
300294149
-397867720
-416651204
-270995382
-1253623499
-1845135253
-1542898058
1914940588
440016372
1005989472
-2016298470
-875343125
892098766
-7749882
85887846
1977728510
165136177
-1646189632
804822073
-1241472017
1038515524
-1253004201
1749659299
-478274505
-1100013104
1616168954
-1850029179
719262442
307796151
1266488331
1153426242
-1077133632
1261033030
-452580956
-1027788129
807979369
-2055096313
2000579302
1953372111
-588126398
-1283778672
1085091240
1715898104
1989801632
-567745207
2119603363
-1960418536
2043231983
-662465007
336826392
1617509118
1847464294
242730653
1173161989
2117516110
-861292093
1000520237
-643061757
-1096930878
-1059759977
-1930909710
-1242383913
66824869
874769441
-1176731630
-1326990986
-609804700
-1974365074
-549265501
12583481
-1570550604
838245776
-782419258
-1424045285
905007686
1312800647
1229845851
-189197290
2052199470
-1229870677
-1842150508
922845032
-1299116427
1605509126
2007480971
-485021817
-928851375
689628755
253753948
839753010
-998791289
-278722363
-1658920232
-1693439163
1962476267
-732843051
1860259000
-1789480356
-930313803
-1361050105
221274950
1717300426
443841564
-1105969850
1341897234
-884867572
-940828419
37308614
1169541807
-729566630
-1947711713
1749678225
1080722840
-1768423512
-42598042
-2067737106
-1855065622
-727885635
1888553654
-285032998
2026520326
-781044782
794532911
-981276865
-1831400754
-1536657214
463394291
218632351
-1160134699
-1311903281
1209621992
-1657312648
1189884901
-1637963377
808412857
256917043
-1365354649
-1709238540
-1073333614
-1355422984
-298740938
-1277250148
-526772268
1007917163
-1270501143
1241805085
-972341774
202812032
673264324
1035592983
222320381
-1904091682
1416626887
470664239
1796845745
149197906
1592320936
-276250275
-394817166
1513889226
-409122650
37816518
-517665861
-201140021
1680382241
463628045
-1413679707
341431493
-1288458684
2011308873
321137042
-563348461
1735579502
602412231
-1565799054
1151909141
809937062
806940523
575846025
-1562638351
25704844
-1713389660
21354180
133062588
-1277479662
-595855395
477759281
368276936
593594770
-730650830
930972211
-2043713701
431832847
-1794867284
-1090330296
-1793813020
-1511747758
618967773
-1603662967
-319172585
-536169461
1589366342
1954336976
-930163065
1758355370
2008644252
-1168716026
772027832
977615922
165162627
-1355509103
-1028823614
-835995743
818081968
2073562279
-833971473
1179095066
786807688
458159160
-1424556779
756349426
506167363
-785354917
-164567512
-186740568
233006020
-1444738385
-46587604
-1273200588
-753110089
-856058670
-863158987
788507170
-915225089
-436547984
290398340
-611931301
-193918917
-2124498220
1911183865
96775842
1260569513
1337054497
-816224420
-611162838
803434445
-1081550646
-1376956607
-1366689728
851240587
961125392
532183881
1192704439
-1973773355
422340537
-737215718
-1077813709
2106730876
-121963370
-1844602544
-391235460
-904434368
347870420
-99804120
-958891563
-1425769585
37610378
-146235974
-539886978
-428788315
917899537
897831146
-1699904668
231365873
-815566356
-433937947
1780667492
411299188
402360297
221474709
753595324
1334124477
1226945817
-1958956219
628900755
-1165971644
330122785
1555836508
-1423319440
927776347
1404175848
1110268588
-742191544
-2135676748
1514684425
-1050037435
825710038
800196776
-389362342
-1019369390
762989892
1140747616
-163581176
-1131842437
495088184
1900806949
-1233969768
-259729535
1716609928
272159276
-1103621829
-1468300146
1771951852
1386889074
1738799552
-1455275864
1559031460
479808579
1628961931
1359296037
2139392349
-423135720
1913287858
1173523576
1681619078
-916965546
-348213848
51419280
-631317487
1319927533
-679774134
907415816
1489975465
1164376022
-1857716735
-1487979665
736209819
1837090060
-1201545378
231766093
-1813405412
-309166308
548718540
934346868
-31855254
1532529496
-1289320587
1667681930
-1939321850
35214227
-307400327
-1553041149
919912763
113825685
818524597
-1990798694
-332942400
-756079836
846920276
-1135070049
1061136109
498442459
-1947963277
-670546262
-107206504
1653963389
-972576279
-461030940
350318940
-484707300
1302719200
1433589576
-304138418
1967188144
-1042621334
-1233542631
83277189
-132297918
-1613316544
1044609677
-833878551
1989961488
-2010109932
-1854393093
506774659
1599281355
1652609366
-1011036193
-1891562537
-106456806
-160627298
984837771
-898762012
1455904983
-167876853
-1034265315
803337631
-1893158415
-755433400
-790135462
918710863
-447524704
-1720907301
720566699
239404585
2095020948
-576283296
1384007006
637280785
19838235
-1957235467
-1699544347
1019708698
-708473349
1418806645
-1274225637
288995348
-1898378838
294399786
355909164
890303269
-1939674885
1191245012
114508417
-1745582240
1058175418
-2084623744
127965494
-936717646
1958815136
2135868361
-1354714801
-328220183
1544124937
1425877562
-743448236
-564228842
-1961920378
-1848145364
962328792
-850399557
-1938962633
132601093
864025534
-198634778
1855979798
-2048310069
1335018826
402053690
1061610545
376614867
636209037
-1937176416
26353583
1140046721
2030510805
-1659447367
-160159819
-121061103
455300623
226838154
-262564067
-603989140
90279252
-968529040
-321009482
973334496
-1456994004
-1529962971
867659245
-783902411
-1450167241
-383564267
-1176645471
136242985
-552514246
-1756534015
-2045079731
-625224052
-1917163086
-1999984129
996164225
1354627660
1654493542
-1569225465
-2056354217
-609600400
-1159873404
594285030
2140604668
918333466
-1482844891
-1077459598
-527688057
-1761834459
-1272819714
2098141433
-450129875
-1679713100
24072835
785147337
-1674086375
456593022
-1542960891
-1787406094
-1635006369
-66934727
1753453871
560245006
-15433648
82583146
1477189244
-432489356
1667001506
1065438890
-1921975776
-1035567217
-2090344946
-1171295975
-353528523
919357331
2007427346
706490882
559911568
780738277
1762890336
-480785692
1292261067
-2080090846
-2016604477
84616151
977577227
732674553
-532806315
139973582
780143901
-2001515913
898055042
-1908988682
-2022571268
876736763
-424692573
378766970
-1567616397
-1050097469
-958873461
-181868245
836741147
1915785222
1486512955
1894254981
1960579841
810037536
635425466
-1030183820
742743933
-308301691
33955939
-296282695
-1229917857
-1989917629
-1294548998
1231561216
887654772
784286179
-1226140207
1321321420
-1619509887
-1744777023
640038495
993079212
1821750290
-1324493956
2042438074
235663276
-1098652429
-2113464446
-688632102
1348300729
1953043329
478317477
-1002062858
-1975601749
-924238896
1855593258
-201939798
-525623360
1757574933
-939954149
2056292427
375799644
755509822
-1826771067
725139446
818919989
-141656043
-929734495
1924119077
-25819219
447072635
-2044814898
-293748185
250778313
-1625219526
-957963939
-1291298892
1281572066
1794426158
2066482216
1993175842
-433443810
686240265
1892646579
-229092827
-1978736511
-477215721
-1157850334
711106921
1130759342
-1626628100
187985924
859513033
23812018
-414545846
-376918675
1456438021
-89106637
654239317
378643088
-367845280
-996070289
683410077
-2144016524
-975455310
-560344486
791235901
608476555
1923499797
-316174313
480350632
1509923886
-731946875
-106430454
-1795219464
2069981288
1090498631
-1131314667
-1082898744
1577669793
163804426
2073753422
-997523954
383886626
-11698732
-1653575613
-165155691
486087626
-1228338373
342891668
-624562316
158096389
1364951130
7369799
736212420
-1191699331
1519735786
-1586942419
932479659
-1426373526
688807164
-352806275
-1050109501
-909402900
1793554155
-2066890441
921850732
993133853
228447880
-228465142
-308330850
356705903
-1341664959
1671726038
1090993602
-933084100
-596113355
-1057141947
365643156
-1949985370
2027957767
-314442187
-1428066402
709547004
-1231516077
-945669514
-1698799066
1757768976
-1009645608
-925027383
468924823
1484210531
2120954893
-1123442094
-1072963714
-1200616945
1588942123
-1757544204
1447016032
1260960281
70928704
-941768729
-1678026545
-982813184
-803116263
-1664975874
-441207647
1278316423
-1196384866
2129403713
-861435247
-571230132
819353598
-335231218
-1707642741
-2022919392
-955121755
-1499599592
-1561751874
1544849114
-1492332836
161482970
87887522
-127406837
1979968748
64231667
633274804
-110806775
926459294
1959775806
-1710593213
-855078572
530004475
325800932
111042216
1580858163
653800080
-805984945
1412976430
-488095203
334896505
783844040
-1679701831
-1954102855
431307564
-715417853
2049400438
-1790430437
-847308753
493098307
-105342630
1057012807
-696556751
-1764882613
1581572586
-583974985
2131449772
469906886
223246014
-1223147389
-743041784
505156874
-856636547
-1818773444
1969781588
740351853
1540818308
-1216107095
-1743989095
1714911636
1774726328
393395803
-36171389
-1594928067
607703864
1344983490
-477191894
268216815
259409697
1767451201
764173172
2060451200
-2052328166
338477988
940759865
-1955771584
-526066438
-2017015967
1812552121
-1191530668
-1767677176
179008261
1728515627
-269510917
-357285874
1304118068
-1160542635
-742619225
407584731
-1004603232
1685329056
39441508
750443987
250115764
-1004270209
2145945742
-958561544
221809883
295621915
-1298656361
112226113
-860887264
-121679853
-1508881661
138930483
2031633038
-203236448
-683197776
208484166
1976018539
-564528345
-1151307816
1090863728
1767570798
1810131314
-22360169
-129992587
-446187498
298842157
-1000634941
-1062835128
-1803962634
-2097270482
-1473006097
-1890615605
415100625
1999654370
-1974395309
-1741262030
-982672116
49814649
723697266
-189581976
1290441872
-68627385
1762848633
-210579949
-1092353328
-892785233
-23523401
-1132412169
-2056987943
1628370742
958150471
-1305626565
2112409240
809339319
934242136
-1552842253
1856565184
44513328
1384436161
-512148246
579083826
573922499
886109417
-1227084720
1913299966
1096082344
295737352
1632692851
-1224407539
938734289
253207630
781359700
97497008
735344961
486451372
-1895717081
1676790893
692558555
259436605
-1308653136
-187711038
-1998993124
-1149331169
-863296820
170958064
1081949143
-155135938
296391901
980088958
-123153464
-131537111
-1517626638
281846288
-1500176051
96490966
-1651968226
1275448245
55808535
1362671919
1560217302
1583768285
231569316
478513116
-905200439
194974966
-1213581748
756580341
-42016763
-303789147
-1284250220
-1717996980
-1522345098
1423309370
-523008990
431456922
2036463791
-1333103684
360764795
-767743335
2099687399
-2087057051
1331253666
-799091488
1571416384
-121513720
-1486438817
-371235115
-226080010
-1857867604
-1219109211
1612293764
1584500995
-513879300
-1742078574
-2023011843
462663685
-819155065
-1583265290
-476448907
-1948691344
78121865
218266036
655535011
-1390397939
-1163088994
1691539879
1828290609
-1866821963
-1375730777
-578465530
1252444572
2125884526
1041429870
-1997117269
-977175615
-338199324
-1870775593
50604899
-2042448679
-1995596582
-1852027787
1002069648
1082365166
541517926
-1168335688
1731981000
100620899
-484785372
-2125978287
-2135411718
2060197923
903984343
1504302848
1843907566
910180767
-1766209000
1507307703
150065025
-597670827
-557626363
1097048047
86254370
-1814558919
1588364837
1757946761
-1668767248
-159027351
1903107769
-820854240
385207515
1605279629
-1155662354
-1863183974
-1330242737
89174585
1273429753
-991900283
819757104
-534046393
-153278980
-358536237
239540318
2103646708
196176931
427621588
269562208
-660530578
-345007145
1323285052
1522304090
707688270
330076918
169881819
983970398
-1015303574
1878488613
-1660453047
808764123
658326042
576470455
-600090724
1976277898
445483057
-1715917633
-1266757291
1836523233
1866538624
1684311949
-1302003548
1485072912
-457329848
1747518729
-546358655
-470779704
-1691324767
-993092817
280341610
-1506484482
834206158
965654695
-1550657118
1661635531
-809745318
736410056
-587983231
-1388275771
-952597250
1673110378
-1790626646
-854115967
369191035
394996974
703473254
1197425600
1910149398
86418442
1611884471
-707463436
54678100
1321196192
-1874617759
-1261061078
685689169
270876902
255197807
1344224648
43253820
827651379
1676757600
-1211849866
-705559691
-1294380134
662346713
540142559
-1039823704
-616622881
864590733
-1489284944
2086895978
-2088763619
-824352092
-1773806431
-1071074633
-1405487010
-370347036
-137617085
-367864235
374037718
-1136563314
2085572628
-698760032
-1894892192
-616609167
-999565633
-1138869748
991882822
893028089
635402094
284586764
654541788
1260392833
1858953575
-410854893
-270579168
-1026228266
1454002162
-1844581729
1543685288
-1257937643
629574503
1230456016
-1227986296
730805924
-1406389267
1303058211
1605321608
-249314350
1777531404
-1588893538
-1244854580
-1353897531
-1589201908
-1653921019
1476295115
1329317021
-1564934655
-1009528307
698635832
1739386645
-2056736665
-202767490
1896475527
1168164700
-971986573
1146063615
-1933435494
-1850104942
-221392374
760802024
124141069
-2133891980
-1604455074
441906868
1604741826
-1547226678
403282682
682709345
1766215106
1379463217
-337042399
1968583663
-1925913587
-384383551
866597071
1420679109
-1359015860
2082212034
-632259361
1975601632
483956574
-59994053
-224022853
-1248571706
1733182950
287470770
380617276
-1014460910
-1456521072
630134961
-608823111
-1944824572
-47006812
-521922867
171376148
1222206056
-1284759930
1756524910
38616351
6141089
435888552
-314740093
-1162246587
-2113273847
-1973596440
-1799460617
1559076015
-442860994
-2119087652
-1828110453
-372558763
836820474
-1595920085
-1606602771
-1757072029
1710458369
1052476423
-889293604
348645990
-2138859370
1574262592
-110451678
-1554042931
-264372659
150996600
-662990029
-1767720571
-1556825263
413019932
-504865121
771480735
-1084108019
1579755453
-1916191571
1860921158
-1272289255
1139979894
-312891419
1110515582
-493488967
-876297841
2133745353
94908551
-598348490
-1925659194
-1387776311
-1427821787
-2055611868
447028835
536336736
2064351291
-1010095986
-268967044
1364751576
1779361423
-1990362407
-1141653726
1944681335
1618299532
1302656571
993586643
-1994522893
1008383347
-1869540276
862453813
-1242758728
-520142819
-29375961
-413164003
305812924
-129066825
-721830935
1525485068
-1815314997
-1703620408
1738512270
-853328289
361063000
1949899988
-219892389
2070995097
1911338197
-632584329
-1144638529
-1520560894
1822651187
32644667
-1547027561
1331453386
-2048006175
-1657007258
2086206589
891041532
2034550901
-2041107565
1009084891
1825936473
-1236714576
53231411
1868725689
-1173342778
-387151010
159070751
1105356815
826598606
1626305475
-2083155872
1080601332
-1792671725
-1701517137
-295998741
386174564
718438152
688450322
-1274487959
1192084534
-476042907
-392063002
-1002255368
2129062587
-231396365
-1637079806
-590489351
-780956385
-1438590011
439699011
1617302380
1255140348
368877352
777802868
-1448540570
198281693
1226938282
2098282518
121109989
-970142485
-13761122
750822098
58927435
772771174
1307070941
612133810
6734306
-786725586
233681390
-2115279977
-93967311
754787210
1443757275
1108779488
-359979586
-632851245
1293354494
1318024307
-967455497
557172647
795130117
1380726846
1638011712
-1007910425
1928226698
1749564488
-729082099
-619331497
211457347
-242362549
-1473208301
-214214306
48660454
1520107628
-1644914006
1013994007
771084045
-646253511
-708458732
-282292979
-1088361214
-1197453584
13059705
535141264
1095325395
986683212
564342577
-2078707201
1884197920
-592219876
-1649377285
222727800
73069351
476034637
-2089757898
-606850062
-471158488
-284393906
962281688
1916118456
-1047904876
-1505566032
-1561897738
1602196438
144058123
-782470833
-1216307789
1738120666
-1228476721
543802236
311079774
1749919506
2126333835
523384305
-236895138
1886725370
-11348843
-182995342
1626773576
-174364275
2116804441
-1645370134
-1770689646
1649911708
851264262
-509336135
1638121355
-1540873254
-590004245
-310200328
1121269986
821628416
-1547092603
-2073677302
472465247
1991322837
198593994
-1837006808
-618724265
-214690076
17027543
-119824247
1147293576
-385892082
1305138077
682389235
1645726682
290899614
718246356
1835323986
-1654413009
879120809
-2020168839
-19979131
1871656115
1320580660
-59745440
-1503661172
152151876
160878612
918455581
1517248817
209518436
-617101013
-394333858
-346013359
-34835044
-595516226
1620538620
-2030234932
1980536554
-1514120704
-1364597362
-1713683544
927063448
991559157
-396812087
-876994034
253068977
713092659
574021808
1114672832
1088664885
-973869402
-900504381
-740818276
1877359844
1672790845
1219928758
-1203657313
97774889
-324691122
-258081490
1699260108
-1830539166
618725029
79304850
-596834710
-682508259
1153417160
-1083042120
-321272701
1900835187
959579419
-1334802358
-1083709766
1107732709
-1470758076
1015686572
-2090571480
-1634244904
134967918
-1077430430
-122099192
-2113111903
860113684
-1263900466
610614304
903209498
-503803018
-841512116
1693104234
-1542619582
-1821237082
1166536721
1738027833
-1956206509
1096540503
-603144404
-384024847
-1201652980
542332254
-546721820
1327445905
1969024862
-270057949
1786153710
-2130318513
1866060954
164140557
1787897422
1051302868
750892579
419101089
1767949866
-802796810
384957517
1552108056
-113923134
537907802
-1135804446
-2042929073
1913826013
-393458217
984659375
2013155151
929180799
-1815679320
-289142565
-1106884314
-590930808
1378838529
-1024589926
-1055809615
-1130234469
1182195793
-737168465
-1970417380
1424967167
824767211
-790729613
-2146510070
-540744433
-1452119668
1404239207
-311184238
-652890720
-1431821796
1830693237
-1043330904
-304840196
70044729
847999717
1009765798
1096034220
411265475
-1502636730
116702892
811963748
-1901224439
715707549
-1244577991
1460124466
-887965235
-957505963
-1505032481
1324469999
-469715864
-2918744
-2061629749
2092213375
384630184
897167683
1060294374
-1836268169
179289817
-533954289
-1989287257
1063622488
899293709
40383803
1392915176
467093400
-1906422497
-795812463
-1514051944
-247351395
344669883
-1198708920
82739329
-1516810207
1666760986
16618214
-787960980
-1930432102
-1513936687
1619414939
1197707163
1619308
912931151
-653968427
403590398
1855540411
644902337
-1555769626
-1588216732
2372177
-1342882946
1560615072
-730111830
2030330685
431071887
-1611302018
645570698
1773587492
-409103409
-357297895
-271587175
-345601795
237111546
-1775076036
-1524475373
1707386746
2030498930
694035728
263027174
2025339988
169899031
2110544087
495630729
1583019849
305312196
1234589399
-132772032
1006847051
1023702978
-1901059667
1468772757
1792784634
-2088145362
1211588731
-1160137608
1736948132
426679162
1736138964
-1125063906
-2063367437
792558038
1861383001
872396716
-1121423443
935399607
-1704655620
-864305789
-975276272
-2039158494
-1316374261
-598754256
-1819274604
1086811338
-247842525
1935531653
-142026014
-445787317
1156434328
-477668627
-383101539
-918665336
2124335135
-1772630076
-759706975
-1810513958
-2058441414
-325356142
-1637098936
-879727656
-1542838696
-1307408026
-712209045
-618391599
1315761736
-1047719081
-1474151060
-726200812
395821653
-2067668701
853087794
733987211
1471734945
-675909120
-1757117798
-251448063
-1771416429
1625458935
-1673423743
-435160650
854359506
-1200934595
-836525190
472873710
-2122661122
-189448636
1483979847
547973402
-364698039
2040977755
-2018746018
101173234
-1345890994
1223739037
1026388196
-606838307
-1375541280
1268266238
-845297167
-748934649
-832390631
-1616969915
-1866825900
2010533818
408144508
-968341730
1741438569
-315345799
-1980004173
-98562239
-138922530
-1898087134
-223931310
1661859185
-1184603540
1748841115
-1723542240
-1777841210
1764775641
-198010712
1292737900
-1753572532
1730497861
1573859051
-1154218474
2007170301
-1551427714
134206628
729362891
1410914926
-528091124
-1913639807
1986671392
186133117
1903303243
1506277228
965802981
-768992725
-577312248
1395868387
-1883253523
1218238755
-625787982
1429807444
355697094
1955670448
1423373534
54361752
1945396618
764438691
-1449797939
-597143262
1851405530
174544830
-626897500
-1472378223
-1869987630
-1428590779
-724912245
985036751
1097736922
-1634992529
1845360855
-569030807
1891169729
-371509657
1614673108
-1478866357
-417509917
236140938
545311481
-67590557
123882967
1824182213
416082208
744944663
88049224
331201722
2103317959
-674261115
692977319
-2092001718
1315301976
-287613005
-1771811342
-829156076
-1307690916
326759850
821306253
-1513653221
831402768
1314009268
-1046636169
1896163825
675229798
234028166
-997856863
1423669670
734930340
2056173684
-2131302037
117382975
667547097
173393015
255990527
1967460736
-1489370373
502458041
363734247
-1444468461
129648733
247228675
-940660328
-624769338
405852204
-683314410
-2080953158
-153728599
746399084
-1080962510
1999429586
1423496910
1382993917
-732289884
989254688
1426115033
1188015930
-1384847579
-1512752516
-350400213
1114546326
-870513412
1451375962
316508984
-533580484
-227550366
-349602449
1244975870
-824011966
-907674128
1894396056
-481156183
565904849
-318124012
1072892946
883254517
1506615244
-1600447246
1803025809
1350451932
1584219285
-1282278371
78594082
-480747631
-116441992
1460036030
279213286
416536641
1292810722
-1430926948
1899624871
844001837
482419871
-1912490564
-1639496015
38953665
1727853063
-2139817549
-1055005424
-323805957
289592820
1237445382
38725099
261454112
-698722166
-1767460761
-1703409423
-374583267
-1746980824
-1666369228
2006536718
-737200551
516539898
1375153426
784279617
585653823
-1741441608
428148816
-1346401836
1746251613
1553799182
685273433
-609930530
-2030379293
1870365388
-34224645
-1418668043
632823706
1358920544
1151003304
-183450615
1981939205
-432104624
-505422019
-645241388
-1672720559
257023858
1789433641
805804263
1468355076
-1839288844
-323216049
-273923924
-681822234
-1138361284
1876205732
1286995186
-155157768
-980785199
937002935
-2109338690
987895415
-1257327167
221968425
2055284245
467129465
819969870
-1375452111
301585315
-588925924
-819891062
-1306700804
342570286
1897437311
1147563614
-487667003
-111463277
1382945042
-913560655
813078988
-239062924
419207338
-2111202188
-749153624
-936844482
829834724
-472791318
234541758
932667659
-1817981569
-1233300866
-30080972
201954547
1724466227
1064423527
701974052
887007859
-1451223822
-1814142323
1550751512
-900182501
2008198338
-530225258
75195741
-853883540
234138684
1718852850
200815637
-1275152428
-342906447
-1483644645
-1044978373
1857321374
540929423
342967756
-1129986194
255325583
1716199829
206917245
1231624433
347401424
-2023872651
-1705733849
-363541031
-926736048
1949141061
-677635227
32621519
-312634688
-549044377
1893621151
1487414230
1303982269
-2135070363
177535449
671747
-1087025718
-1439999828
1301984908
405983519
981947803
844878037
-353820183
-1312956277
1213382119
-2137149903
-127244353
135020397
541578860
307610735
2062817857
2080921507
-829934730
278585120
-1394571024
1251960742
-671597112
-511496847
-388074835
1141716785
353968359
415485687
-1660470910
919876554
-1781663471
-1956901149
1107483489
928411669
746090560
-1024233522
127726923
1542598152
756328015
-198665420
-1230569476
140815936
-778863726
2042108055
-1394762107
-229674326
-477577638
908754450
787251249
-2063878812
-1112027156
-891194443
1492562350
-1736638217
-45222986
2138148764
1389083179
1894634892
-711198640
2065153021
794820079
-1912249346
352736678
1110956906
68470663
525498675
-236299826
-258742118
995431363
938898586
-1261995104
-200710194
1019989247
909518020
669614421
-422018653
1012716517
1490845063
575553741
-53705
-1970496759
1842105950
516094973
131840740
-2136916775
763187243
1396854104
-1249789000
-1458642811
365216468
162080372
-789436109
769114949
650076083
-157200748
672795407
-1775559416
407617001
1319476424
-308187553
2074097796
43825341
937498161
1748820842
1733579723
1282354090
-1644238550
1656366486
450658803
-1656569573
-1923805986
1017527112
805978620
423046609
1751454641
525502435
-121412369
1131904411
1357503691
-900117864
417118991
-753141962
-1605871131
-97844165
892606330
-1584559272
1327373866
1794858406
1682966033
1734376981
1480521003
-474915108
-287583519
1807544379
1579675864
1358876555
1336164278
589715819
60322312
-1751492056
995656804
1824102179
419852121
208268550
-730528275
804340849
-108532909
-1566728588
642520091
-1613887058
1058523893
1778329126
1221898557
-157113674
-756677301
427167288
1265022724
789621827
-1436910397
-1829778670
1092587402
115554639
-567653380
492379398
-730825861
-798308072
566177455
-507788412
-279851092
953587164
-526344161
2071488654
1857476357
-687194983
820525315
15037041
-1310985555
-350292822
-832149458
-1525788440
-244468180
-1244208429
-1113398907
1339047961
2080355334
1990803728
491534186
-1950238062
609568016
-1298988415
2030977053
2116758478
1904555700
1302871143
947570118
1656784660
1883843205
-1325483836
2110896519
-654294762
-33379491
-531226306
-1251174145
-606642942
-839441820
1777092919
-44547898
-2135978150
-1884099749
-730263380
525280029
1997743574
810220411
-1172214923
-174507060
434483454
-1369720297
466606216
96462348
-185568960
1348513378
-1600676645
-319486700
1296536195
549355185
407671055
23006862
87267904
-1434627305
-384938677
-1232740911
-942618240
736826722
-715050552
-560441887
281010627
-2037063351
-1875910499
-1990809735
1852341492
1232241078
-1848971728
1120332976
-1044837823
1549436465
279647779
-1796432939
-2128651269
-1297540621
-974925715
1110371851
-889791477
-2107951653
1864644267
967436529
-1512538879
784924883
-190486442
1606912739
-1191586918
1534369113
-794823062
-781239195
-140905458
-634561979
1287247252
-1473866878
1003895261
1120993608
62368626
1478324669
-2127203353
-1548789555
96911779
-409014607
382968400
3569254
-583773180
774587187
1608517874
725607831
-1456987778
-140186508
1321218414
-1193671899
605812437
-127429114
143549137
608188507
-2130437600
121762676
-1046264406
1189406823
1923832714
-1278383128
-674705386
888560580
-1556873156
-1051555087
1398770451
-1831397533
575613205
594286925
-58443524
2023838497
1685640866
1138476372
1125707749
-1437837039
2028623985
-2099142093
-1251449274
307367255
289278466
-584269284
1671199218
-647382981
-831177626
1613338676
387233023
1360568621
1541450250
-1347744756
163813490
-1512920378
1280534670
-1725652865
-1309283283
-275225870
-1032659301
-1370976636
513248375
1529635308
-1967900217
-1311809100
-699462660
-937753378
-303593467
2049877123
-630438789
-1217791704
2005676507
-565662895
-1384939427
1049213167
2125750423
-925869577
-995458055
-638249166
-1037631838
-851786420
1228893503
-2040749759
1862902163
1899235070
-734446472
-79358329
-1428086168
1432492461
342972707
-382107539
1446661246
-1409905041
-509200676
1799212661
1437873703
1091250967
892220917
-776554076
1249791530
1379989241
133147447
-246634292
-1745294961
204081979
-307800079
-165747242
-1487766459
-385195651
181570435
781709700
-1263324075
2012453104
-1505163348
614633195
1572918573
658341380
343449753
1910357434
1733418405
-2069579303
381173838
-2135867770
-1777847558
-1027045194
866630572
-1926781995
399968275
422719829
1578209031
955455152
2019156343
-595172051
1046611515
424171143
38349831
2027276888
-826259455
-922587100
-871434966
756654312
215522147
-902730785
290801770
1306811463
454895617
77109860
1723925148
-1076437692
-1054207463
1111873534
337573252
2008886139
-1087927058
-779956339
-774319888
-873488137
521338761
-1992162134
-719231192
62590247
1361291535
-2083107178
-1847895735
-1182425766
108692570
829632036
-1381985157
-1638460212
-242215805
-673016072
927266444
-1761784942
1616088043
-1335489118
1945076286
415987018
-128747269
1421509902
-659660374
718185160
-1461509026
331838910
1137845316
652529805
1360077195
1106683471
-203744451
-1172100735
-258193665
192607509
-837242916
49199947
-1244641796
1835576407
328226060
-1582968724
1296038093
1756461339
-1548282740
1183643219
601985444
-1134401420
968920827
-1891809884
1949758908
-2055333267
674691661
-1364614705
1126903497
-910018352
515889579
901789015
1145065476
-1076016371
-847308422
1169022448
744781866
1840426337
-1628446856
1747998535
682805878
1094856447
-643068836
1667455592
738278600
-1091326031
126830262
1490589004
-1779709900
-1650636515
2077108997
-560384243
-590995556
428488494
408457741
1035268972
-1285399848
1582157532
-78227975
698756825
-729229773
-623857047
-1400999310
-437899769
833700820
2119223184
-1894670410
-981049325
-2101666798
-1447047953
451853019
-246005038
1263023017
540008638
-438144922
-2033714184
1389068624
-767925190
-2077523405
-104143243
-1465782014
589001329
767883917
1127327832
1993332666
-1990606527
-1873151616
1097745488
1859416421
2111018319
-296002501
-583718520
832783457
85385564
-318136864
211731920
1773904758
-1595948562
-1357910980
-436968724
1172838623
37495815
347012655
432315533
-1404506794
793377152
1983696333
-588738758
-1346599393
1272052147
-1317595435
668335728
-1597854305
1244832889
1478855614
1996968062
-623000825
564984075
-1016406124
1645532425
394174878
1018035838
-829796677
507981748
-1998414307
1900821637
-1039682697
2041063002
-140104281
-1489802146
-1934402606
-962610571
1452497212
165468489
92443449
-1392666610
1883731652
-243252727
1228278626
1359578884
-1758519341
-739605101
1263673156
-987500335
20502661
-542772150
980576708
588981479
-1511595771
1698048912
318181532
509642676
1153278268
244014157
-69811101
1268306200
-923180517
1917887986
1731319737
-607831640
194469176
-44026328
-342416279
-619977892
-1961356041
-1527593376
1015926179
364188866
1506087758
125969928
-1405705468
930360170
1085396987
145082130
-637918721
-1321318572
-1907794808
1228014529
-1286660481
-1161378079
97935104
-281349595
-461527635
877789293
-2101914802
585083802
-1955528508
1094811313
-139100308
7396091
615771003
-1682222510
-866925780
1893236617
-1609824666
493703597
1949914377
1996690192
628739953
1482710059
-1930748706
996183904
-1665480563
-1361221407
212698562
1758248868
-695414455
-1996491626
-175007204
-1974918884
-961923565
-1164225616
-1331689037
-2096934303
1179930145
485330886
-1162080245
465432395
-697780382
-192720912
909140107
1334233531
1435913691
1849545872
-183625121
729964535
-1105462958
443301986
-1402541797
-805751715
822229945
1437562717
1814783425
86908753
1998486145
-367705321
-1589003488
-1835386708
-994109171
-1883556517
63885856
944657373
-772912672
-1450181701
-1181586205
1171563458
-149016460
-427332583
-1435472759
688586055
835223635
24381050
-2137995949
-626885399
-1228701251
2051756082
-713080853
-277526075
-997474577
-194212513
-821515614
-1195297217
1915203221
2094296429
1652214710
1939682241
625015788
-1324418225
-270080828
1052186398
-15489120
2054101339
887097861
-749035255
1754565571
1884513348
-196075157
23381707
1954402528
-2867020
1570769640
-944000899
-1224939649
-2037548742
1204086131
-596083995
35644471
1605999983
852553109
-899678298
70647004
1675941063
-998203567
634389887
-804800322
482072654
-35201817
1519588078
2010052768
-2087157747
-1354681258
886611309
1218306064
1713959467
896439561
1427929449
-225412939
1727531345
329494628
782884869
-1193352499
-989541701
-674145506
-1266298128
-1956219576
452719802
73574474
-758571740
-472041820
-674976560
-19900155
-346464142
688313801
-935833762
-288665977
1144522302
1840944751
2077763775
222283787
1342779853
1982406027
-1775485914
-1170280959
-834275959
1947400383
1454921203
-168500729
-516229396
-761179411
959313690
-1262679188
465950399
-445327302
1775969537
-843590305
-1774181525
23958995
1649994597
-1250754049
912489640
1824853871
-1422549173
-454493969
-804413177
-1559988089
-1854102503
-1661389695
-540439253
-1364540687
1251269
-2138226829
-1094196007
313602733
-96397181
699462687
-453121332
-710297756
-1787266916
600301231
494722911
-422023110
573317614
106672321
-1340398104
1439784844
-1277109895
-739117416
-1551491178
1063962594
1693575155
-672997097
-1231608846
331473733
1104122890
-633601520
-1748318058
1183656036
493494802
-69181505
147244256
1694039877
190127196
-960080865
1955086467
187984096
-810880347
275780664
2042179175
-313175009
-1714614708
-959770279
-685060186
1604642811
1878443549
954117203
-2000358666
1235314105
-1943745004
-1168189141
772430172
435775547
107641504
-1255804193
1915335652
271735062
431074031
1112239269
2110318494
331655642
1580534009
-2073044786
1171907706
-1109144847
-333526743
-2124719230
-18145987
-479281474
-1822678655
-1421065767
754002890
316636955
-1393229946
1820376765
1134474608
-38572731
1960774521
-926515422
-791845000
-494977904
196855471
66352892
-473771956
1450416913
1094731918
1956843109
-1580221692
-1155467024
1029589960
359597875
-1843319894
1336788829
-2089047663
2000419057
-1501565525
-1432596032
1206330625
-1823856144
1958040548
-1274135368
-741251551
1182845541
882929195
746974544
-1651865993
-945374957
-1954916574
2086269382
349058372
163805612
-1146350144
326050883
-1966758301
2095218636
-180865189
999757422
-344086997
794335791
1720535941
386049897
882596678
207454710
1282056812
-486563344
-1653453236
-312765378
-1986792615
-1389193821
-811109302
-1526054777
-118618083
1410582468
2126944821
123095858
1464293976
1483372569
276736666
-1630748548
599389558
213574718
569045468
1627872146
1199241573
2019014798
628975254
-195663805
1192192273
-359618145
1616767223
-475250554
2014041259
1862661775
1319903656
1925176020
-1450872735
-1231850608
-1146907046
-763030627
1315102228
1081236305
-658056711
-1246425237
-642571350
55587948
-1258303147
956047126
-774455506
658238254
1722906630
822765978
-1130152539
1142210860
1139995731
-1202923833
-1254942093
-1174698634
613105550
-769721089
1444675083
-558267458
1819742813
729394100
-1459503216
-923643320
-1134423328
-1626118574
2058304242
1739738489
-1465585045
-238857145
1807898012
361767999
-83148699
674130124
-1545216123
980650328
206101635
1087590110
-401456633
648529276
-398958232
-844762521
-1970630016
1569056522
-581281375
-1374076163
-1407266863
-94972518
605682596
1313444041
1177691209
-1924089845
2115494548
873640919
-591892033
1211544373
-1442404632
-2076218036
1728627800
-495151179
-1380299044
633177539
1438082620
677462002
-1928449041
859688507
413627411
528672740
-831171330
-999460646
1116752818
-107912749
1767088356
1950134340
210920
1477161160
-1755668568
-1673866409
-1728320021
-406251517
354353784
-145790833
184858267
1252591632
-166361570
-1406019042
-352527977
2116683171
-1853076830
1821472754
1864133697
72267117
-1861374429
-1412836111
-763957790
-64290135
2138294132
-1111817797
-378054746
-653511577
-874302678
224682387
723166257
517454768
-1431541890
739197872
-467194360
-1944686344
1808600345
-1948148994
1978168016
-1718153786
-1832201952
-1885890935
88352445
-745186700
-163233928
637656048
-645422612
855284408
687812337
501021199
-893724246
465423394
-688310542
-1220333865
-440524117
-479290099
2080986710
-1593813943
160827938
-206794798
1452828991
-1711270425
483612137
-239142595
-1807235684
-1594995378
331686702
1883164944
-2100924847
-613082991
1997872495
1358498759
111803805
1817926872
-1335502541
2132702578
494472456
1926670468
1734839141
1382437624
1778917354
160547285
467287888
1878804601
-39789445
844043817
436417554
-2022429521
-1778943458
177796353
463511703
-1905271928
-1972632899
696164092
257470828
-412039235
-1121948101
1267389868
-157880203
-1157167599
-1696934377
-1016818474
-1363930833
1391179049
-541977530
1503649199
-676762169
-339389894
1789058630
116399706
2141796249
889489734
-491046345
1185511447
607801514
458799375
-1573263253
-544573096
582442296
1213663237
-1355245447
-992325243
1399471470
-1056911855
672169572
-848612427
1619083882
1283157717
1714152081
497934717
1481137157
1075381285
-700793302
563184082
-179684377
1527659495
-792134957
1424721770
-989279577
-582191076
-2050054179
-1654517556
681911116
101337555
1429024552
1917163621
-1056818134
1251803112
1757190548
-1063705463
-1367723714
1469809939
-1759025547
1611963050
1729691295
-40594174
1617463890
1189114690
-644419380
-1822816881
-2046061827
-1900760451
-348606160
-1129195583
-2024737590
-1368459474
464265110
-1446322838
1069419060
-1986304610
-58827278
1030050034
1854128715
-80480966
-942312537
583268981
1761812991
-451925381
-319838354
12527497
536251990
1649029896
-1554647437
908649593
-479927385
1324029060
1641656835
-333709666
-724952897
-13679320
-827760166
167635852
443675985
2120470843
665237118
-25877595
252045469
1076985821
-71892152
2121784715
1199991441
-585466272
1658077755
-2115584979
-1141997658
-23931701
-646360311
-2007359643
-90346505
-418857577
-853351510
-1856920594
30823659
-874259529
-710488941
-399514174
-836672170
977889465
880874540
-154642453
-159966759
-736849889
1860284977
1043895882
-747496195
-804073151
-811427842
620379450
-1533816512
1014901890
-804769089
-389320720
-2067151675
-1708855298
-757994342
-1315310919
1770073060
-2008536326
-1486595909
2089572143
-347330440
-2077861934
-912878859
-931612128
-1601549235
638447784
578543606
90863024
1858850704
1260454964
3886835
452129146
-1025980036
874761617
-623029046
613775219
473495537
-804790174
1811358448
-1941621348
-1471293322
-1943391289
-281852255
149238487
-1835312473
1565681248
-618682962
-2015603857
1414037192
1605433793
797037465
-25317102
1072488574
-1207537779
395745020
351136261
-1160415446
-915361194
1197701261
-998737601
784094482
-1832961569
1538185018
-1239500683
980160045
1834484270
-1122034449
905039567
-596859548
-161850562
1044764212
-915615851
263316157
-326674862
726643247
-146955462
-575971913
30511385
941092066
2130007571
434860481
584809221
1944363619
-401133502
28132022
1903987793
129471473
862768608
1781024245
-750754458
1140121569
-1452858707
2039116445
1732174167
-982175723
-1146240031
1315645352
-187302233
-53553031
-910324081
1619251345
1176484459
1351785659
-2127191629
700710746
-1759125645
-542805059
1563776555
834622192
1281103648
-1848214963
2024758244
887115443
385395566
163177070
-2111036209
259660488
-354151036
-267970654
-1303735252
1009552167
-563818280
119057559
2125167729
-926021071
-42187298
674747912
1268168380
545261276
-1038922037
1925453167
1004381854
1089081969
844649316
1393239899
1840380589
-1754100457
-713345325
-1349038164
2107371193
558899260
-1432984509
1292539106
1432768365
-1008372976
1769328962
-1066841747
-1854045752
-1092781233
-501689396
898368682
1100656666
1262060824
-44339908
1817651576
1499356256
583100019
-105722982
1110131430
119740331
-1713173779
549871554
787554222
626742154
1113783437
-1959735757
1552400258
-350884748
1939731217
-2034813046
-2034726294
2122278412
1558858097
-582536490
-898366313
-1961028592
110821999
-496179917
1859739021
181688880
-1262580292
118577564
-957883460
1647518118
1265092492
1105386407
-1992992103
869542490
-43079300
-593306464
933052494
1432174407
-766991273
-1158295930
907306153
1981851434
758705900
689453075
-235755294
-1784464326
-350503753
-450945388
1651763496
-1058103681
1020040530
-1825265926
-1518342331
-2126170648
39917373
881996609
1655783363
798898622
1069150958
-1234823087
742889568
-340099848
345689918
-1246014662
-1269529026
-614931754
511219967
-628646818
-1335100572
-929517837
1327624404
1584827780
-465292630
-251222547
-194263591
-887229014
2029132695
704437777
1839012357
628036433
877809710
-933675569
-1713706276
-477574859
-739552353
-383191117
-789676816
-569109704
-2108810852
-97408804
974367886
-1787034794
728526248
-1869668341
-114213871
-1120664374
654636662
1593682486
-2146707311
-1569151410
-293720407
-1625174884
478639498
-342624128
1603337111
-1354798809
1402084765
-1843084942
-1615209177
-1683529223
443262213
1740334545
-308324543
-1729599304
-2020784822
1271678991
851292179
1221485228
-2086661483
-1467506549
-198961771
-1606358687
1669150629
888824476
-115353346
597008453
547913081
-1976442820
625435796
107308298
311476312
902918922
-777015770
796505649
368038300
383919420
-759205335
-778832691
1424492097
493301066
840244895
-882016501
1610428319
-1338266036
194775644
-455025170
870819291
753211051
196057713
355338351
-1652878100
-1249710433
-533248566
-1871025174
-1533331958
-983277697
861864611
1358965146
-1696178690
-2020494680
484188939
877327151
1577259634
-1610390844
-1226202392
747457936
1750128129
612010791
616349592
-23733730
1016850184
-1061444157
-1142258905
-691382046
-1662549453
88476759
90732095
-537926410
1619754873
-698823679
-1129758092
-368305877
147035149
2067332184
1027411554
2034192571
133537991
1637845358
1022319385
-768579110
-2144041425
1669027406
-99799560
-630517827
-792373900
1493218079
-1578169163
129112803
-2077699680
434153411
-1156624282
-1257917522
2122278174
211419535
342593679
-996288101
-342875145
-1269000434
-1031814815
883635738
-2121636408
234790681
-275682288
-259371611
91330941
1617098264
-255158207
1187030966
78941706
884523063
-888408137
944253704
-255411916
-28481254
-44215570
-1239593377
-1460264150
1401651980
-1251730734
1456504700
-2082387656
-398351853
-574735496
-1291142900
-1263505374
560834994
1944439074
224948160
-1368928321
-928577782
-1723668325
-386034198
-632094541
442129384
-371901916
1658899286
-2044317908
1679744735
1021431442
1916241427
1612779685
-1628088645
349594545
-1638450661
403964545
-2064688131
1602091503
1042603008
1496639560
1692469733
1450959024
99220263
-2110514940
348950901
381638919
-1286252814
-661326065
2056092339
404830930
762308404
2118872409
749189842
87859249
-68130210
1341049726
443423553
-1957936559
1319646484
328894458
1534233277
652193171
1422030555
78207710
1246427595
-1777763732
1659453042
-1938351428
1354807855
-1160106268
1979766953
765533418
-916629361
498686570
-369862920
-280906537
1558064153
-1154276635
635025455
146529271
-1815680302
34829643
611478894
-1121856759
-1534127328
-85813715
-518037294
1863924300
816465571
1302855031
-1747058963
1870653965
-765709855
402823259
864727236
574074797
1969037910
171257231
1324848727
-1052069359
62897637
-834582181
1424674044
-1792937800
2021265281
498282187
-1758078814
-1242788898
-824556236
2010809952
-1076473898
-458292035
1177527610
510752333
401208842
-1531058418
1827171602
353696636
180376982
2024932011
272615612
763177038
1801141417
486987456
1484045956
1198194866
276963586
1494182030
1056398696
921514700
66104106
1244432330
-1404789398
537688422
256548885
-2123846358
858385315
-69901734
403387234
-1055273864
-422377474
-1137397717
854797279
-1955825564
-262677456
-386001326
-681936052
1991387651
-1242775925
1189435601
1101996817
-1694146419
899119347
-1925812031
65129935
1758194445
2026541898
1944143400
70308930
-680881766
1920326249
-1284439835
-792995373
1883055014
777110062
-1766183513
-1970754832
-1331213474
847721574
1480841852
797181255
133950791
1630702505
-1824029251
1257446204
-205102868
1011186545
1261109620
-362347055
-1954880849
507561059
-34124246
-1276955309
1681682993
-2134485949
-56632568
-801033878
-1094269109
-1747024297
-1759960377
143213411
2052382353
845298979
-1406214492
-1364342379
769281719
-823696242
-1039329287
-1987269079
941047325
1893922714
693447403
1408540304
585663336
1919384749
1812952886
178566121
1050545506
811488507
-1152275835
-319949530
-516830135
-397506686
823657376
-1174224406
311967870
686700984
777067662
-1496109626
168781489
-854675504
-701892525
-913843018
-391157245
-902742190
-1876669256
1738095929
-421101723
-727130195
1581252560
438920695
2133012856
-391309761
184689562
1419840594
943884529
268255860
489798483
-807479958
1218705292
332858966
2050542786
-946775860
-1577079849
-266498334
101980269
-1483801177
1877673569
1824288375
755687907
-657591413
321931209
1375847146
1079433097
1371368025
26351522
1434018966
344799705
-1695743332
-1931450330
-116842668
-1838479150
-1023243845
-144841058
162410568
603559223
1126473368
813857217
1863183866
1888874307
1776131207
229275389
634076461
-481840679
243353363
550516057
916185115
309448203
347135310
-1422038824
956542819
1756909082
-541726145
-896281471
1988015758
198600728
-953086761
2144879441
-238380194
1098669477
300991741
610891608
1008080382
-457563538
653505935
-1956988347
651411631
1732828432
387323129
-1217831294
902267630
-1629361159
-1089183031
654399583
-1562424534
-1080073616
289568136
-1288067403
1250442115
-587241339
-1995272863
-141930525
-580715204
1194099402
629909298
-347117646
985405184
-1485642366
-1965054109
1161333613
1176766690
1424296726
1874526325
580329484
-1262762071
-2006981867
-1017427214
369354665
-2138921029
1758773
-1640776242
14367706
-1524742880
-2066895140
-1254513444
-752161798
-390971734
-1904617788
1971445625
-397649253
-854680850
-524814449
-706677373
-149118527
-826307599
-1941438542
-2113569043
-91442163
-200804413
1849472397
-1914536916
656541896
-918538912
-122197180
1004130587
896297170
-1260837802
-268481441
1441846567
1489836265
1178666898
1117875880
1018149150
-1546440584
-491884700
452615197
1735715205
909505792
-1937179116
-1864808723
-345319046
-296334545
1581166453
-79590769
-1386108629
-1154760249
-189006069
-1139539985
1189754596
-1276513569
943778519
2107101331
1270144394
1589757107
-984068702
-203326991
-1624400463
589131027
897427394
-1331310105
-1985019742
796557417
181175883
-1921801546
-980516959
-255548606
-1297825291
1190170169
1822666124
-2126285415
-2093315124
-188515633
-1301299783
135264462
-794515542
866867827
1845746333
951512056
404146565
-784628859
-1770186060
843998859
-1398483173
1351730812
232633610
1933642643
1776262943
1539476281
1706881172
-988005185
134474779
-1505688778
1037813570
512832787
1072796438
-654506957
2039221874
1551936528
-1476756354
-1016050552
-952071078
90200014
-1875719467
-1264257825
1638271648
-1174914016
-1673281963
1966635463
-1066220732
-1475347916
-529217796
1120853548
1526253692
1852763763
-440538806
2086872961
310269178
-1211145989
1103287488
2123402489
1992747645
224367900
-1101273500
-326254784
1964389832
154282007
489764225
-611292922
-1794038856
-975677315
1997924131
-1803344883
817299638
1639647181
1840302014
-451070115
-584324927
-599650509
49716795
353320199
609505358
895998837
212952321
680172343
423690874
767650384
1169667898
-1274238452
-1758220924
695663935
-746344090
666792298
1017997447
1691611503
-659486510
-1985928280
-570518445
-2139615891
-155345280
879423881
1008402576
-1067150068
1384147867
1520382487
2000428340
1140259913
663296957
-1767484837
459627713
-343324528
-1483400319
-1989623188
1411503336
28422441
1388605104
-1904973614
-307249176
1981827710
-1329918255
1084711249
-806569026
-586175255
-1453437387
1527519914
1707483890
-111889624
-1953261307
-1865874551
1869433677
-1152583060
761732057
-1104705309
430935209
-820217970
-2011068895
1940283310
-1048369123
-1582938845
-868873835
-685909706
169202954
-1713443056
181158799
-178199870
-455410118
1001325548
418413543
-251701001
808970409
-518671406
-448026785
150180472
-1841166012
-588987426
2142690909
-1222401251
-2140357323
-73398811
-540748342
92435642
-164466934
2094785106
-1579074989
115399802
1696149750
1936787365
-2050835657
-2050215777
-2078075010
1140943129
1744914005
-1945365539
-211532363
302833033
1253111448
2045074161
1179427462
-1181783465
496394352
887532598
-1606134636
-45042899
-1899229047
-48772456
-1197293362
1901080833
-1646568123
1668777712
-603598642
968598794
1879804799
2039507801
-1024686410
1645613834
-1495554697
2027201848
-888733252
1958894948
-878060319
244986892
91540318
-498416445
58190315
257010234
-550252705
2095050889
453705989
-854478895
-281255152
-883796141
-1193094445
1901638906
1517671751
1609698954
-942674492
-50253555
495141022
1734638980
-558896788
-726263151
-1363429396
-1331627352
190126779
-534098273
1418403115
-2084148404
-670322403
1521553854
-1362514034
-1600001665
-2086295055
-1708577130
448724799
-211838082
-2138095528
1021934434
-981131662
-1292461140
819893922
-1723262431
565698511
662532736
1727043676
-663758617
-846320975
-1237925881
-314469263
-1036571358
1219027496
-1891327554
1791518336
100326317
530296197
-1542557581
1855249501
-1024242700
962721514
-1687689863
-1381613083
1319981661
-1256567106
47639144
1429515076
-180492266
898600890
-1833393875
-1816774362
1002140716
-1333955782
-623781620
-2123503534
818664939
-2005188277
1144285828
615190155
1710531485
-1338770163
-1950242200
-551848692
-750917709
-138018496
-98190927
137239744
894306649
1130691851
-1623559059
875112790
1823395913
-922277537
-443643930
1729660372
2109925804
-1854203874
880245052
-970962989
894841512
1468679992
-1219977929
-436048189
329884612
-153835341
-1880187161
356083416
-1821456474
863506944
222740134
80170792
1793663775
1705998515
-1587420759
-841075086
-238017912
-316558798
474095016
1854876789
-1168845704
1824340720
-803274814
1236884658
1645085654
-1458678313
-1152173593
-651126476
-2139065595
-494991096
-1252454716
208139210
-1848107999
-739643018
-1374364414
457216603
828863973
73504005
-730942792
1186180137
1804958669
1892093495
1680408677
171442879
-150517680
-1494857843
-1039999823
246663641
-1030044787
1685287802
178386967
-2022871726
-382556383
-1030320768
573543674
-90863130
-1624899979
-1814647596
876719870
1378572483
-1565811533
1343891429
497428843
-117285674
-541462938
-88758867
569548180
-725732832
-190460134
62552562
1870427249
-446142994
1674684180
-1142530552
1258970708
2039739165
341222541
-1772280825
-436337395
830768301
1717213657
315628098
-1447050118
1318747093
-1503994584
-187415102
-244843190
-755336985
718959575
-446839168
-1806865643
-228953722
2101124605
-1869188680
-2008179103
214609725
-1722735275
-96876509
-1121124575
1616943485
-653126377
-356940698
-443251160
1701438084
-402370704
-971117243
1389176244
2106934620
-1178438853
714687482
-1097192045
-1726487062
-1273539435
595371189
1103274626
954756341
-303246861
2122611067
-1304466466
-1217723687
499001034
-478389849
1333841272
-1220265517
-2078621947
-1357444801
1408735128
1429982697
1689807080
-2043691953
1498897482
-628691714
2064632290
-98772105
-2116622649
1086724836
-918122201
175224873
1096455172
750849545
916117003
988565813
-1296586023
-1937309717
933440068
1628621605
764730983
-299059224
-719309185
-1723003127
-144573300
1005841830
-766774608
-1561800953
-462065824
-1498790401
1053758832
-1330482223
1250283738
692894185
-940439175
-2080549661
-1648804593
700313855
172869768
1046591338
-2097687091
-268266429
311437343
1854978898
-954113685
1427953285
856713078
624110137
-167322175
1990474082
1783163068
-1492125082
-1992561703
1532575263
-30521910
-181323348
-1778284348
-1745207670
-971086079
1549051576
-1293629060
-1417646485
421958979
1177427722
2126588756
-556654601
-933438308
657449170
1300775507
1514138338
-1824007218
1137158304
2012091691
-947021970
88877727
591336097
-693039888
250420810
-1133346859
181760674
-1559886322
249747360
-1703573058
-1697458118
1937532786
1864180541
1358358
-1852808031
725178181
-1727893139
804882585
-2111111542
2062757718
-985620882
-1644834816
-516635078
-1889093092
1619537554
1054587948
-1772229189
1749085445
5057638
-874747845
-38766591
-1860744134
416101101
-1925134988
-713036523
1393954447
1312952338
-935344004
93643647
1000225871
239482816
665571410
-215269908
-1132933555
-887252198
900164315
2095821996
71450950
419918201
-1178568622
-1968344196
-1668088616
-1966469475
577499162
1984628776
-1342286262
-2058008987
-5563944
-1274040887
201366038
1997067448
117281217
-523772241
-324872972
-194943114
-540154565
-365406374
-1042701423
-794163121
338406956
46813836
-870635557
-98245021
-1996742524
-2084374000
298091204
79577747
-1371315210
516215574
-557288886
165888821
-366867815
1944806401
895794157
-1649167529
-72225980
-1592821600
-1199071956
1436677922
1355303031
983623571
921246569
426677752
718192180
-1676145986
-1913852929
229231529
-580604253
-623215220
-1645530421
-1311738131
-346538685
1300745384
-1705834763
1725114934
-173597384
999963663
-1497108265
-1650930247
1822291670
1719342532
1351203597
2131938998
1521947425
-1433190065
1347992073
-1955142392
1936345234
-556832486
-1108178707
2118290338
828017254
-214743611
839838401
-565512719
1510674820
1498824401
-1819518714
-1749615909
-1460723793
-236209206
-76060955
1061456779
-615684949
830762905
-512748081
20830654
-1939394981
1336562877
-719729956
757700008
-347881803
1696619257
-309367495
146664272
-1308219561
-471560296
71920455
-2144418576
-1742583127
-550428094
1643693151
-2046746919
-1716373305
1697912632
-2076537209
2058909267
-1644931536
1716090922
-1805066617
-1376942873
-1187927037
-617838047
1369985313
-808512736
893860244
-1137362599
-488011062
-861351515
1820962558
-1401556929
-1619114314
671203065
-604163492
1918504490
-897670022
-828909668
-547417115
-1055328879
1558058012
-1715109902
-1371336858
1088607473
-889551213
680166446
-1406978768
550060552
-1494992338
-1570479862
872872538
410054117
-1453665942
112179817
-902050559
765927129
-887666337
1392905893
-1466785988
1002480828
989445337
2036131708
892228544
319410317
-1214362457
-2105840713
1617621891
-2090354449
1535284374
660205789
585606838
-1565510849
-1353684251
-1392668535
1184348198
569529226
132495009
-1850791657
-595469229
2079650606
586584659
1654875267
-1587848976
173154806
619418597
1945552677
-1981274725
-2108069898
-1550895837
-311682181
491418863
-1173130356
-12945701
-1849519634
-1384979921
-1435426591
-1904041854
1955311676
-2049551671
178023253
866715172
75637062
-1947626085
1683012750
254636461
1144400099
-223154761
-787555111
-1593394006
-262432368
-786984845
-1633016258
-737994765
1530938912
-94405338
68772088
-682500290
1825479717
1239989199
848955854
177464433
-1532208669
1824507578
958886573
-1315260594
1915942474
1199081494
-229295002
822828918
-1209907457
1991623713
-868109195
2009915549
-167900453
-1570243823
-1169130105
1122841707
-216723929
2068599836
866650923
458725941
1402666869
-807415585
1621198700
-90418166
1513962794
-70177126
164750303
2072369385
-1502514023
-208240991
-1271026281
-1917499578
-468506038
-721842543
-341249528
-364081518
1434154712
-587871149
-1566082794
2036104691
-1735050553
-913632561
2142793778
-208361500
802279706
740253739
387300223
2010987745
753982245
-1909764122
541823885
171890042
-498886619
-619070906
-55257430
2128341755
